<?xml version="1.0" encoding="UTF-8"?>
<testng-results skipped="0" failed="0" ignored="0" total="1" passed="1">
  <reporter-output>
  </reporter-output>
  <suite name="Default suite" duration-ms="10199" started-at="2023-04-26T20:11:12 CDT" finished-at="2023-04-26T20:11:22 CDT">
    <groups>
    </groups>
    <test name="Default test" duration-ms="10199" started-at="2023-04-26T20:11:12 CDT" finished-at="2023-04-26T20:11:22 CDT">
      <class name="test.LoginTest">
        <test-method status="PASS" signature="UserShouldAbleToLogin()[pri:0, instance:test.LoginTest@458c1321]" name="UserShouldAbleToLogin" duration-ms="10158" started-at="2023-04-26T20:11:12 CDT" finished-at="2023-04-26T20:11:22 CDT">
          <reporter-output>
          </reporter-output>
        </test-method> <!-- UserShouldAbleToLogin -->
      </class> <!-- test.LoginTest -->
    </test> <!-- Default test -->
  </suite> <!-- Default suite -->
</testng-results>
